[debug] [2024-04-06T04:22:46.135Z] ----------------------------------------------------------------------
[debug] [2024-04-06T04:22:46.139Z] Command:       C:\Program Files\nodejs\node.exe C:\Users\user\AppData\Roaming\npm\node_modules\firebase-tools\lib\bin\firebase.js login
[debug] [2024-04-06T04:22:46.140Z] CLI Version:   13.7.1
[debug] [2024-04-06T04:22:46.141Z] Platform:      win32
[debug] [2024-04-06T04:22:46.141Z] Node Version:  v18.18.0
[debug] [2024-04-06T04:22:46.143Z] Time:          Sat Apr 06 2024 13:22:46 GMT+0900 (대한민국 표준시)
[debug] [2024-04-06T04:22:46.143Z] ----------------------------------------------------------------------
[debug] 
[info] i  Firebase optionally collects CLI and Emulator Suite usage and error reporting information to help improve our products. Data is collected in accordance with Google's privacy policy (https://policies.google.com/privacy) and is not used to identify you.
 
[info] i  To change your data collection preference at any time, run `firebase logout` and log in again. 
[info] 
[info] Visit this URL on this device to log in:
[info] https://accounts.google.com/o/oauth2/auth?client_id=563584335869-fgrhgmd47bqnekij5i8b5pr03ho849e6.apps.googleusercontent.com&scope=email%20openid%20https%3A%2F%2Fwww.googleapis.com%2Fauth%2Fcloudplatformprojects.readonly%20https%3A%2F%2Fwww.googleapis.com%2Fauth%2Ffirebase%20https%3A%2F%2Fwww.googleapis.com%2Fauth%2Fcloud-platform&response_type=code&state=1048016566&redirect_uri=http%3A%2F%2Flocalhost%3A9005
[info] 
[info] Waiting for authentication...
[debug] [2024-04-06T04:23:31.440Z] Error: spawn cmd ENOENT
    at ChildProcess._handle.onexit (node:internal/child_process:284:19)
    at onErrorNT (node:internal/child_process:477:16)
    at process.processTicksAndRejections (node:internal/process/task_queues:82:21)
[error] 
[error] Error: An unexpected error has occurred.
[debug] [2024-04-17T12:40:08.662Z] ----------------------------------------------------------------------
[debug] [2024-04-17T12:40:08.664Z] Command:       C:\Program Files\nodejs\node.exe C:\Users\user\AppData\Roaming\npm\node_modules\firebase-tools\lib\bin\firebase.js login
[debug] [2024-04-17T12:40:08.665Z] CLI Version:   13.7.2
[debug] [2024-04-17T12:40:08.665Z] Platform:      win32
[debug] [2024-04-17T12:40:08.665Z] Node Version:  v18.18.0
[debug] [2024-04-17T12:40:08.666Z] Time:          Wed Apr 17 2024 21:40:08 GMT+0900 (대한민국 표준시)
[debug] [2024-04-17T12:40:08.666Z] ----------------------------------------------------------------------
[debug] 
[debug] [2024-04-17T12:40:08.690Z] >>> [apiv2][query] GET https://firebase-public.firebaseio.com/cli.json [none]
[info] i  Firebase optionally collects CLI and Emulator Suite usage and error reporting information to help improve our products. Data is collected in accordance with Google's privacy policy (https://policies.google.com/privacy) and is not used to identify you.
 
[info] i  To change your data collection preference at any time, run `firebase logout` and log in again. 
[info] 
[info] Visit this URL on this device to log in:
[info] https://accounts.google.com/o/oauth2/auth?client_id=563584335869-fgrhgmd47bqnekij5i8b5pr03ho849e6.apps.googleusercontent.com&scope=email%20openid%20https%3A%2F%2Fwww.googleapis.com%2Fauth%2Fcloudplatformprojects.readonly%20https%3A%2F%2Fwww.googleapis.com%2Fauth%2Ffirebase%20https%3A%2F%2Fwww.googleapis.com%2Fauth%2Fcloud-platform&response_type=code&state=408407636&redirect_uri=http%3A%2F%2Flocalhost%3A9005
[info] 
[info] Waiting for authentication...
[debug] [2024-04-17T12:40:08.801Z] Error: spawn cmd ENOENT
    at ChildProcess._handle.onexit (node:internal/child_process:284:19)
    at onErrorNT (node:internal/child_process:477:16)
    at process.processTicksAndRejections (node:internal/process/task_queues:82:21)
[error] 
[error] Error: An unexpected error has occurred.
[debug] [2024-04-17T12:42:53.144Z] ----------------------------------------------------------------------
[debug] [2024-04-17T12:42:53.146Z] Command:       C:\Program Files\nodejs\node.exe C:\Users\user\AppData\Roaming\npm\node_modules\firebase-tools\lib\bin\firebase.js login --interactive
[debug] [2024-04-17T12:42:53.147Z] CLI Version:   13.7.2
[debug] [2024-04-17T12:42:53.147Z] Platform:      win32
[debug] [2024-04-17T12:42:53.147Z] Node Version:  v18.18.0
[debug] [2024-04-17T12:42:53.148Z] Time:          Wed Apr 17 2024 21:42:53 GMT+0900 (대한민국 표준시)
[debug] [2024-04-17T12:42:53.148Z] ----------------------------------------------------------------------
[debug] 
[debug] [2024-04-17T12:42:53.151Z] >>> [apiv2][query] GET https://firebase-public.firebaseio.com/cli.json [none]
[info] i  Firebase optionally collects CLI and Emulator Suite usage and error reporting information to help improve our products. Data is collected in accordance with Google's privacy policy (https://policies.google.com/privacy) and is not used to identify you.
 
[debug] [2024-04-17T12:42:53.585Z] <<< [apiv2][status] GET https://firebase-public.firebaseio.com/cli.json 200
[debug] [2024-04-17T12:42:53.586Z] <<< [apiv2][body] GET https://firebase-public.firebaseio.com/cli.json {"cloudBuildErrorAfter":1594252800000,"cloudBuildWarnAfter":1590019200000,"defaultNode10After":1594252800000,"minVersion":"3.0.5","node8DeploysDisabledAfter":1613390400000,"node8RuntimeDisabledAfter":1615809600000,"node8WarnAfter":1600128000000}
[info] i  To change your data collection preference at any time, run `firebase logout` and log in again. 
[info] 
[info] Visit this URL on this device to log in:
[info] https://accounts.google.com/o/oauth2/auth?client_id=563584335869-fgrhgmd47bqnekij5i8b5pr03ho849e6.apps.googleusercontent.com&scope=email%20openid%20https%3A%2F%2Fwww.googleapis.com%2Fauth%2Fcloudplatformprojects.readonly%20https%3A%2F%2Fwww.googleapis.com%2Fauth%2Ffirebase%20https%3A%2F%2Fwww.googleapis.com%2Fauth%2Fcloud-platform&response_type=code&state=400729241&redirect_uri=http%3A%2F%2Flocalhost%3A9005
[info] 
[info] Waiting for authentication...
[debug] [2024-04-17T12:42:56.406Z] Error: spawn cmd ENOENT
    at ChildProcess._handle.onexit (node:internal/child_process:284:19)
    at onErrorNT (node:internal/child_process:477:16)
    at process.processTicksAndRejections (node:internal/process/task_queues:82:21)
[error] 
[error] Error: An unexpected error has occurred.
